<?xml version="1.0" encoding="UTF-8"?>
<!-- Generated by org.testng.reporters.JUnitReportReporter -->
<testsuite hostname="ATMECSBLRLT-171" failures="0" tests="1" name="workBook.excel.Excel_Read_Write" time="22.171" errors="0" timestamp="2022-08-03T10:23:49 IST" skipped="0">
  <testcase classname="workBook.excel.Excel_Read_Write" name="write" time="22.171"/>
  <system-out/>
</testsuite> <!-- workBook.excel.Excel_Read_Write -->
